<?xml version='1.0'?>
<ns2:test-suite xmlns:ns2='urn:model.allure.qatools.yandex.ru' start='1666631650601' stop='1666631663162'>
    <name>My application</name>
    <title>My application</title>
    <test-cases>
        <test-case start='1666631650603' status='pending' stop='1666631650603'>
            <name>should be opened Release Notes Page from footer</name>
            <title>should be opened Release Notes Page from footer</title>
            <labels/>
            <parameters/>
            <steps/>
            <attachments/>
            <failure>
                <message>Test ignored</message>
                <stack-trace>undefined</stack-trace>
            </failure>
        </test-case>
        <test-case start='1666631650605' status='broken' stop='1666631663161'>
            <name>should be searched 'voice' on Release Notes Page from footer</name>
            <title>should be searched 'voice' on Release Notes Page from footer</title>
            <labels>
                <label name='language' value='javascript'/>
                <label name='framework' value='wdio'/>
                <label name='thread' value='0-0'/>
            </labels>
            <parameters>
                <parameter kind='argument' name='browser' value='chrome-106.0.5249.119'/>
            </parameters>
            <steps>
                <step start='1666631650612' status='passed' stop='1666631661782'>
                    <name>POST /session/:sessionId/url</name>
                    <title>POST /session/:sessionId/url</title>
                    <attachments>
                        <attachment title='Request' source='09839933-5afc-496b-a540-473172674255-attachment.json' type='application/json' size='34'/>
                    </attachments>
                    <steps/>
                </step>
                <step start='1666631661785' status='broken' stop='1666631663160'>
                    <name>POST /session/:sessionId/element</name>
                    <title>POST /session/:sessionId/element</title>
                    <attachments>
                        <attachment title='Request' source='5a65adbd-319e-4d1b-879e-bd70ab52de55-attachment.json' type='application/json' size='81'/>
                    </attachments>
                    <steps>
                        <step start='1666631661797' status='passed' stop='1666631661829'>
                            <name>POST /session/:sessionId/url</name>
                            <title>POST /session/:sessionId/url</title>
                            <attachments>
                                <attachment title='Request' source='c19cddf0-a0c4-4a93-999d-eb0e5cf79fe1-attachment.json' type='application/json' size='47'/>
                                <attachment title='Response' source='7346c446-0904-4d94-92d7-a37c18c221c3-attachment.json' type='application/json' size='83'/>
                            </attachments>
                            <steps/>
                        </step>
                        <step start='1666631661850' status='passed' stop='1666631663145'>
                            <name>POST /session/:sessionId/element/c028d71c-318b-406a-a7d5-e2b86701d0a9/click</name>
                            <title>POST /session/:sessionId/element/c028d71c-318b-406a-a7d5-e2b86701d0a9/click</title>
                            <attachments/>
                            <steps/>
                        </step>
                    </steps>
                </step>
            </steps>
            <attachments/>
            <failure>
                <message>_ReleaseNotesPage.default.elements.$ is not a function</message>
                <stack-trace>TypeError: _ReleaseNotesPage.default.elements.$ is not a function
                    at Context.&lt;anonymous> (C:\Users\98kov\Desktop\LuxeQuality\telnyx-wdio-allure-docker\test\specs\/tests.js:76:41)
                    at processTicksAndRejections (node:internal/process/task_queues:96:5)</stack-trace>
            </failure>
        </test-case>
    </test-cases>
</ns2:test-suite>